<?xml version="1.0" encoding="UTF-8"?>
<testng-results ignored="0" total="1" passed="1" failed="0" skipped="0">
  <reporter-output>
  </reporter-output>
  <suite started-at="2021-10-06T15:18:46 IST" name="testscripts.TestScriptSearchWine" finished-at="2021-10-06T15:23:22 IST" duration-ms="275915">
    <groups>
    </groups>
    <test started-at="2021-10-06T15:18:46 IST" name="Command line test" finished-at="2021-10-06T15:23:22 IST" duration-ms="275915">
      <class name="testscripts.TestScriptSearchWine">
        <test-method is-config="true" signature="beforeTest()[pri:0, instance:testscripts.TestScriptSearchWine@776aec5c]" started-at="2021-10-06T15:18:46 IST" name="beforeTest" finished-at="2021-10-06T15:19:00 IST" duration-ms="14037" status="PASS">
          <reporter-output>
          </reporter-output>
        </test-method> <!-- beforeTest -->
        <test-method is-config="true" signature="init()[pri:0, instance:testscripts.TestScriptSearchWine@776aec5c]" started-at="2021-10-06T15:19:00 IST" name="init" finished-at="2021-10-06T15:19:01 IST" depends-on-methods="browsersetup.BrowserSetup.beforeTest" duration-ms="170" status="PASS">
          <reporter-output>
          </reporter-output>
        </test-method> <!-- init -->
        <test-method signature="testSerachResults()[pri:0, instance:testscripts.TestScriptSearchWine@776aec5c]" started-at="2021-10-06T15:19:01 IST" name="testSerachResults" finished-at="2021-10-06T15:23:20 IST" duration-ms="259128" status="PASS">
          <reporter-output>
          </reporter-output>
        </test-method> <!-- testSerachResults -->
        <test-method is-config="true" signature="afterTest()[pri:0, instance:testscripts.TestScriptSearchWine@776aec5c]" started-at="2021-10-06T15:23:20 IST" name="afterTest" finished-at="2021-10-06T15:23:22 IST" duration-ms="2094" status="PASS">
          <reporter-output>
          </reporter-output>
        </test-method> <!-- afterTest -->
      </class> <!-- testscripts.TestScriptSearchWine -->
    </test> <!-- Command line test -->
  </suite> <!-- testscripts.TestScriptSearchWine -->
</testng-results>
