<?xml version="1.0" encoding="UTF-8"?>
<testng-results ignored="0" total="1" passed="1" failed="0" skipped="0">
  <reporter-output>
  </reporter-output>
  <suite started-at="2021-10-06T16:07:24 IST" name="Default suite" finished-at="2021-10-06T16:11:46 IST" duration-ms="261708">
    <groups>
    </groups>
    <test started-at="2021-10-06T16:07:24 IST" name="Default test" finished-at="2021-10-06T16:11:46 IST" duration-ms="261708">
      <class name="testscripts.TestScriptSearchWine">
        <test-method is-config="true" signature="beforeTest()[pri:0, instance:testscripts.TestScriptSearchWine@4b45a2f5]" started-at="2021-10-06T16:07:24 IST" name="beforeTest" finished-at="2021-10-06T16:07:37 IST" duration-ms="13018" status="PASS">
          <reporter-output>
          </reporter-output>
        </test-method> <!-- beforeTest -->
        <test-method is-config="true" signature="init()[pri:0, instance:testscripts.TestScriptSearchWine@4b45a2f5]" started-at="2021-10-06T16:07:37 IST" name="init" finished-at="2021-10-06T16:07:38 IST" depends-on-methods="browsersetup.BrowserSetup.beforeTest" duration-ms="196" status="PASS">
          <reporter-output>
          </reporter-output>
        </test-method> <!-- init -->
        <test-method signature="testSerachResults()[pri:0, instance:testscripts.TestScriptSearchWine@4b45a2f5]" started-at="2021-10-06T16:07:38 IST" name="testSerachResults" finished-at="2021-10-06T16:11:43 IST" duration-ms="245753" status="PASS">
          <reporter-output>
          </reporter-output>
        </test-method> <!-- testSerachResults -->
        <test-method is-config="true" signature="afterTest()[pri:0, instance:testscripts.TestScriptSearchWine@4b45a2f5]" started-at="2021-10-06T16:11:44 IST" name="afterTest" finished-at="2021-10-06T16:11:46 IST" duration-ms="2355" status="PASS">
          <reporter-output>
          </reporter-output>
        </test-method> <!-- afterTest -->
      </class> <!-- testscripts.TestScriptSearchWine -->
    </test> <!-- Default test -->
  </suite> <!-- Default suite -->
</testng-results>
